Arguments: 
  C:\Program Files\nodejs\node.exe C:\Users\zhuangy\AppData\Roaming\npm\node_modules\yarn\bin\yarn.js init

PATH: 
  C:\Python311\Scripts\;C:\Python311\;C:\Program Files (x86)\VMware\VMware Player\bin\;C:\Program Files\NVIDIA GPU Computing Toolkit\CUDA\v12.0\bin;C:\Program Files\NVIDIA GPU Computing Toolkit\CUDA\v12.0\libnvvp;C:\VulkanSDK\1.3.236.0\Bin;C:\Program Files\Common Files\Oracle\Java\javapath;C:\Program Files (x86)\Common Files\Oracle\Java\javapath;C:\Python310\Scripts\;C:\Python310\;C:\Windows\system32;C:\Windows;C:\Windows\System32\Wbem;C:\Windows\System32\WindowsPowerShell\v1.0\;C:\Windows\System32\OpenSSH\;C:\Program Files (x86)\NVIDIA Corporation\PhysX\Common;C:\Program Files\NVIDIA Corporation\NVIDIA NvDLISR;C:\Program Files\dotnet\;C:\Program Files\Process Lasso\;C:\Program Files\Git\cmd;C:\Program Files\nodejs\;C:\ProgramData\chocolatey\bin;C:\Program Files\Mullvad VPN\resources;C:\Program Files (x86)\Google\Cloud SDK\google-cloud-sdk\bin;C:\Program Files\NVIDIA Corporation\Nsight Compute 2022.4.0\;C:\Program Files\CMake\bin;C:\ffmpeg\bin;C:\Users\zhuangy\Documents\code\nerf\first\instant-ngp\COLMAP;;C:\WINDOWS\system32;C:\WINDOWS;C:\WINDOWS\System32\Wbem;C:\WINDOWS\System32\WindowsPowerShell\v1.0\;C:\WINDOWS\System32\OpenSSH\;C:\Program Files\Docker\Docker\resources\bin;C:\Users\zhuangy\AppData\Local\Microsoft\WindowsApps;C:\Users\zhuangy\AppData\Local\Programs\Microsoft VS Code\bin;C:\Users\zhuangy\anaconda3\Library\bin\conda.bat;C:\Users\zhuangy\anaconda3\Scripts\conda.exe;C:\Users\zhuangy\anaconda3\condabin\conda.bat;C:\Users\zhuangy\Anaconda3\Library\bin;C:\msys64\mingw64\bin;C:\Users\zhuangy\AppData\Local\GitHubDesktop\bin;C:\Users\zhuangy\AppData\Roaming\npm;C:\Users\zhuangy\AppData\Local\Google\Cloud SDK\google-cloud-sdk\bin;

Yarn version: 
  1.22.19

Node version: 
  16.17.0

Platform: 
  win32 x64

Trace: 
  Error: canceled
      at Interface.<anonymous> (C:\Users\zhuangy\AppData\Roaming\npm\node_modules\yarn\lib\cli.js:137150:13)
      at Interface.emit (node:events:513:28)
      at Interface._ttyWrite (node:readline:1085:16)
      at ReadStream.onkeypress (node:readline:291:10)
      at ReadStream.emit (node:events:513:28)
      at emitKeys (node:internal/readline/utils:357:14)
      at emitKeys.next (<anonymous>)
      at ReadStream.onData (node:internal/readline/emitKeypressEvents:61:36)
      at ReadStream.emit (node:events:513:28)
      at addChunk (node:internal/streams/readable:315:12)

npm manifest: 
  {
    "name": "src",
    "version": "1",
    "description": "1",
    "main": "index.js",
    "license": "MIT"
  }

yarn manifest: 
  No manifest

Lockfile: 
  No lockfile
